# JRE version: OpenJDK Runtime Environment JBR-17.0.8+7-1000.8-jcef (17.0.8+7) (build 17.0.8+7-b1000.8)
# Java VM: OpenJDK 64-Bit Server VM JBR-17.0.8+7-1000.8-jcef (17.0.8+7-b1000.8, mixed mode, tiered, compressed oops, compressed class ptrs, g1 gc, windows-amd64)
GC Precious Log:
 CPUs: 32 total, 32 available
 Memory: 65315M
 Large Page Support: Disabled
 NUMA Support: Disabled
 Compressed Oops: Enabled (Zero based)
 Heap Region Size: 2M
 Heap Min Capacity: 8M
 Heap Initial Capacity: 1022M
 Heap Max Capacity: 4G
 Pre-touch: Disabled
 Parallel Workers: 23
 Concurrent Workers: 6
 Concurrent Refinement Workers: 23
 Periodic GC: Disabled
Heap:
 garbage-first heap   total 102400K, used 72826K [0x0000000700000000, 0x0000000800000000)
  region size 2048K, 19 young (38912K), 1 survivors (2048K)
 Metaspace       used 61744K, committed 62272K, reserved 1114112K
  class space    used 8385K, committed 8640K, reserved 1048576K
GC Heap History (20 events):
Event: 1.475 GC heap before
{Heap before GC invocations=7 (full 0):
 garbage-first heap   total 75776K, used 55823K [0x0000000700000000, 0x0000000800000000)
  region size 2048K, 19 young (38912K), 2 survivors (4096K)
 Metaspace       used 31841K, committed 32128K, reserved 1114112K
  class space    used 4145K, committed 4288K, reserved 1048576K
}
Event: 1.477 GC heap after
{Heap after GC invocations=8 (full 0):
 garbage-first heap   total 75776K, used 25300K [0x0000000700000000, 0x0000000800000000)
  region size 2048K, 3 young (6144K), 3 survivors (6144K)
 Metaspace       used 31841K, committed 32128K, reserved 1114112K
  class space    used 4145K, committed 4288K, reserved 1048576K
}
Event: 1.576 GC heap before
{Heap before GC invocations=8 (full 0):
 garbage-first heap   total 75776K, used 58068K [0x0000000700000000, 0x0000000800000000)
  region size 2048K, 19 young (38912K), 3 survivors (6144K)
 Metaspace       used 33948K, committed 34240K, reserved 1114112K
  class space    used 4488K, committed 4608K, reserved 1048576K
}
Event: 1.578 GC heap after
{Heap after GC invocations=9 (full 0):
 garbage-first heap   total 561152K, used 25473K [0x0000000700000000, 0x0000000800000000)
  region size 2048K, 2 young (4096K), 2 survivors (4096K)
 Metaspace       used 33948K, committed 34240K, reserved 1114112K
  class space    used 4488K, committed 4608K, reserved 1048576K
}
Event: 1.659 GC heap before
{Heap before GC invocations=9 (full 0):
 garbage-first heap   total 561152K, used 50049K [0x0000000700000000, 0x0000000800000000)
  region size 2048K, 15 young (30720K), 2 survivors (4096K)
 Metaspace       used 35716K, committed 35968K, reserved 1114112K
  class space    used 4778K, committed 4864K, reserved 1048576K
}
Event: 1.660 GC heap after
{Heap after GC invocations=10 (full 0):
 garbage-first heap   total 561152K, used 25707K [0x0000000700000000, 0x0000000800000000)
  region size 2048K, 2 young (4096K), 2 survivors (4096K)
 Metaspace       used 35716K, committed 35968K, reserved 1114112K
  class space    used 4778K, committed 4864K, reserved 1048576K
}
Event: 1.881 GC heap before
{Heap before GC invocations=11 (full 0):
 garbage-first heap   total 102400K, used 89195K [0x0000000700000000, 0x0000000800000000)
  region size 2048K, 34 young (69632K), 2 survivors (4096K)
 Metaspace       used 40082K, committed 40384K, reserved 1114112K
  class space    used 5465K, committed 5632K, reserved 1048576K
}
Event: 1.882 GC heap after
{Heap after GC invocations=12 (full 0):
 garbage-first heap   total 102400K, used 28007K [0x0000000700000000, 0x0000000800000000)
  region size 2048K, 3 young (6144K), 3 survivors (6144K)
 Metaspace       used 40082K, committed 40384K, reserved 1114112K
  class space    used 5465K, committed 5632K, reserved 1048576K
}
Event: 2.171 GC heap before
{Heap before GC invocations=12 (full 0):
 garbage-first heap   total 102400K, used 79207K [0x0000000700000000, 0x0000000800000000)
  region size 2048K, 29 young (59392K), 3 survivors (6144K)
 Metaspace       used 46105K, committed 46464K, reserved 1114112K
  class space    used 6221K, committed 6400K, reserved 1048576K
}
Event: 2.173 GC heap after
{Heap after GC invocations=13 (full 0):
 garbage-first heap   total 102400K, used 30065K [0x0000000700000000, 0x0000000800000000)
  region size 2048K, 3 young (6144K), 3 survivors (6144K)
 Metaspace       used 46105K, committed 46464K, reserved 1114112K
  class space    used 6221K, committed 6400K, reserved 1048576K
}
Event: 2.356 GC heap before
{Heap before GC invocations=13 (full 0):
 garbage-first heap   total 102400K, used 79217K [0x0000000700000000, 0x0000000800000000)
  region size 2048K, 28 young (57344K), 3 survivors (6144K)
 Metaspace       used 48309K, committed 48704K, reserved 1114112K
  class space    used 6451K, committed 6656K, reserved 1048576K
}
Event: 2.360 GC heap after
{Heap after GC invocations=14 (full 0):
 garbage-first heap   total 102400K, used 32377K [0x0000000700000000, 0x0000000800000000)
  region size 2048K, 3 young (6144K), 3 survivors (6144K)
 Metaspace       used 48309K, committed 48704K, reserved 1114112K
  class space    used 6451K, committed 6656K, reserved 1048576K
}
Event: 2.675 GC heap before
{Heap before GC invocations=14 (full 0):
 garbage-first heap   total 102400K, used 85625K [0x0000000700000000, 0x0000000800000000)
  region size 2048K, 27 young (55296K), 3 survivors (6144K)
 Metaspace       used 51812K, committed 52224K, reserved 1114112K
  class space    used 6848K, committed 7040K, reserved 1048576K
}
Event: 2.677 GC heap after
{Heap after GC invocations=15 (full 0):
 garbage-first heap   total 102400K, used 36408K [0x0000000700000000, 0x0000000800000000)
  region size 2048K, 4 young (8192K), 4 survivors (8192K)
 Metaspace       used 51812K, committed 52224K, reserved 1114112K
  class space    used 6848K, committed 7040K, reserved 1048576K
}
Event: 2.826 GC heap before
{Heap before GC invocations=15 (full 0):
 garbage-first heap   total 102400K, used 75320K [0x0000000700000000, 0x0000000800000000)
  region size 2048K, 24 young (49152K), 4 survivors (8192K)
 Metaspace       used 55429K, committed 55872K, reserved 1114112K
  class space    used 7322K, committed 7552K, reserved 1048576K
}
Event: 2.828 GC heap after
{Heap after GC invocations=16 (full 0):
 garbage-first heap   total 102400K, used 37773K [0x0000000700000000, 0x0000000800000000)
  region size 2048K, 1 young (2048K), 1 survivors (2048K)
 Metaspace       used 55429K, committed 55872K, reserved 1114112K
  class space    used 7322K, committed 7552K, reserved 1048576K
}
Event: 3.045 GC heap before
{Heap before GC invocations=16 (full 0):
 garbage-first heap   total 102400K, used 78733K [0x0000000700000000, 0x0000000800000000)
  region size 2048K, 22 young (45056K), 1 survivors (2048K)
 Metaspace       used 57700K, committed 58176K, reserved 1114112K
  class space    used 7693K, committed 7936K, reserved 1048576K
}
Event: 3.046 GC heap after
{Heap after GC invocations=17 (full 0):
 garbage-first heap   total 102400K, used 40780K [0x0000000700000000, 0x0000000800000000)
  region size 2048K, 3 young (6144K), 3 survivors (6144K)
 Metaspace       used 57700K, committed 58176K, reserved 1114112K
  class space    used 7693K, committed 7936K, reserved 1048576K
}
Event: 3.128 GC heap before
{Heap before GC invocations=17 (full 0):
 garbage-first heap   total 102400K, used 75596K [0x0000000700000000, 0x0000000800000000)
  region size 2048K, 21 young (43008K), 3 survivors (6144K)
 Metaspace       used 59637K, committed 60160K, reserved 1114112K
  class space    used 7978K, committed 8256K, reserved 1048576K
}
Event: 3.129 GC heap after
{Heap after GC invocations=18 (full 0):
 garbage-first heap   total 102400K, used 40058K [0x0000000700000000, 0x0000000800000000)
  region size 2048K, 1 young (2048K), 1 survivors (2048K)
 Metaspace       used 59637K, committed 60160K, reserved 1114112K
  class space    used 7978K, committed 8256K, reserved 1048576K
}

